<?xml version="1.0" encoding="UTF-8"?>
<testng-results ignored="0" total="2" passed="2" failed="0" skipped="0">
  <reporter-output>
  </reporter-output>
  <suite started-at="2024-04-14T18:05:56 IST" name="Suite" finished-at="2024-04-14T18:07:31 IST" duration-ms="94878">
    <groups>
    </groups>
    <test started-at="2024-04-14T18:05:56 IST" name="Test" finished-at="2024-04-14T18:07:31 IST" duration-ms="94878">
      <class name="test.NewTest001">
        <test-method is-config="true" signature="beforeTest()[pri:0, instance:test.NewTest001@41d477ed]" started-at="2024-04-14T18:05:56 IST" name="beforeTest" finished-at="2024-04-14T18:05:57 IST" duration-ms="1001" status="PASS">
          <reporter-output>
          </reporter-output>
        </test-method> <!-- beforeTest -->
        <test-method is-config="true" signature="beforeMethod(java.lang.reflect.Method)[pri:0, instance:test.NewTest001@41d477ed]" started-at="2024-04-14T18:05:57 IST" name="beforeMethod" finished-at="2024-04-14T18:06:47 IST" duration-ms="50104" status="PASS">
          <params>
            <param index="0">
              <value>
                <![CDATA[public void test.NewTest001.DishCount()]]>
              </value>
            </param>
          </params>
          <reporter-output>
          </reporter-output>
        </test-method> <!-- beforeMethod -->
        <test-method signature="DishCount()[pri:0, instance:test.NewTest001@41d477ed]" started-at="2024-04-14T18:06:47 IST" name="DishCount" finished-at="2024-04-14T18:06:59 IST" duration-ms="11570" status="PASS">
          <reporter-output>
          </reporter-output>
        </test-method> <!-- DishCount -->
        <test-method is-config="true" signature="afterMethod(org.testng.ITestResult)[pri:0, instance:test.NewTest001@41d477ed]" started-at="2024-04-14T18:07:02 IST" name="afterMethod" finished-at="2024-04-14T18:07:02 IST" duration-ms="128" status="PASS">
          <params>
            <param index="0">
              <value>
                <![CDATA[[TestResult name=DishCount status=SUCCESS method=NewTest001.DishCount()[pri:0, instance:test.NewTest001@41d477ed] output={null}]]]>
              </value>
            </param>
          </params>
          <reporter-output>
          </reporter-output>
        </test-method> <!-- afterMethod -->
        <test-method is-config="true" signature="beforeMethod(java.lang.reflect.Method)[pri:0, instance:test.NewTest001@41d477ed]" started-at="2024-04-14T18:07:02 IST" name="beforeMethod" finished-at="2024-04-14T18:07:07 IST" duration-ms="5030" status="PASS">
          <params>
            <param index="0">
              <value>
                <![CDATA[public void test.NewTest001.menuList()]]>
              </value>
            </param>
          </params>
          <reporter-output>
          </reporter-output>
        </test-method> <!-- beforeMethod -->
        <test-method signature="menuList()[pri:1, instance:test.NewTest001@41d477ed]" started-at="2024-04-14T18:07:07 IST" name="menuList" finished-at="2024-04-14T18:07:25 IST" duration-ms="17907" status="PASS">
          <reporter-output>
          </reporter-output>
        </test-method> <!-- menuList -->
        <test-method is-config="true" signature="afterMethod(org.testng.ITestResult)[pri:0, instance:test.NewTest001@41d477ed]" started-at="2024-04-14T18:07:26 IST" name="afterMethod" finished-at="2024-04-14T18:07:26 IST" duration-ms="1" status="PASS">
          <params>
            <param index="0">
              <value>
                <![CDATA[[TestResult name=menuList status=SUCCESS method=NewTest001.menuList()[pri:1, instance:test.NewTest001@41d477ed] output={null}]]]>
              </value>
            </param>
          </params>
          <reporter-output>
          </reporter-output>
        </test-method> <!-- afterMethod -->
        <test-method is-config="true" signature="afterTest()[pri:0, instance:test.NewTest001@41d477ed]" started-at="2024-04-14T18:07:26 IST" name="afterTest" finished-at="2024-04-14T18:07:31 IST" duration-ms="5519" status="PASS">
          <reporter-output>
          </reporter-output>
        </test-method> <!-- afterTest -->
      </class> <!-- test.NewTest001 -->
    </test> <!-- Test -->
  </suite> <!-- Suite -->
</testng-results>
